  MainForm.cpp
D:\UIT-N3\ATM\DACK\PlayFairAndRSATool\PlayFairAndRSATool\PlayFairForm.h(896,17): warning C4477: 'sprintf' : format string '%s' requires an argument of type 'char *', but variadic argument 1 has type 'System::String ^'
  (compiling source file '/MainForm.cpp')
  
D:\UIT-N3\ATM\DACK\PlayFairAndRSATool\PlayFairAndRSATool\PlayFairForm.h(896,3): warning C4996: 'sprintf': This function or variable may be unsafe. Consider using sprintf_s instead. To disable deprecation, use _CRT_SECURE_NO_WARNINGS. See online help for details.
  (compiling source file '/MainForm.cpp')
  
D:\UIT-N3\ATM\DACK\PlayFairAndRSATool\PlayFairAndRSATool\PlayFairForm.h(953,94): warning C4244: 'argument': conversion from 'wchar_t' to 'char', possible loss of data
  (compiling source file '/MainForm.cpp')
  
D:\UIT-N3\ATM\DACK\PlayFairAndRSATool\PlayFairAndRSATool\PlayFairForm.h(953,70): warning C4244: 'argument': conversion from 'wchar_t' to 'char', possible loss of data
  (compiling source file '/MainForm.cpp')
  
D:\UIT-N3\ATM\DACK\PlayFairAndRSATool\PlayFairAndRSATool\PlayFairForm.h(972,19): warning C4244: 'argument': conversion from 'wchar_t' to '_Elem', possible loss of data
D:\UIT-N3\ATM\DACK\PlayFairAndRSATool\PlayFairAndRSATool\PlayFairForm.h(972,19): warning C4244:         with
D:\UIT-N3\ATM\DACK\PlayFairAndRSATool\PlayFairAndRSATool\PlayFairForm.h(972,19): warning C4244:         [
D:\UIT-N3\ATM\DACK\PlayFairAndRSATool\PlayFairAndRSATool\PlayFairForm.h(972,19): warning C4244:             _Elem=char
D:\UIT-N3\ATM\DACK\PlayFairAndRSATool\PlayFairAndRSATool\PlayFairForm.h(972,19): warning C4244:         ]
  (compiling source file '/MainForm.cpp')
  
D:\UIT-N3\ATM\DACK\PlayFairAndRSATool\PlayFairAndRSATool\PlayFairForm.h(980,19): warning C4244: 'argument': conversion from 'wchar_t' to '_Elem', possible loss of data
D:\UIT-N3\ATM\DACK\PlayFairAndRSATool\PlayFairAndRSATool\PlayFairForm.h(980,19): warning C4244:         with
D:\UIT-N3\ATM\DACK\PlayFairAndRSATool\PlayFairAndRSATool\PlayFairForm.h(980,19): warning C4244:         [
D:\UIT-N3\ATM\DACK\PlayFairAndRSATool\PlayFairAndRSATool\PlayFairForm.h(980,19): warning C4244:             _Elem=char
D:\UIT-N3\ATM\DACK\PlayFairAndRSATool\PlayFairAndRSATool\PlayFairForm.h(980,19): warning C4244:         ]
  (compiling source file '/MainForm.cpp')
  
D:\UIT-N3\ATM\DACK\PlayFairAndRSATool\PlayFairAndRSATool\PlayFairForm.h(1015,95): warning C4244: 'argument': conversion from 'wchar_t' to 'char', possible loss of data
  (compiling source file '/MainForm.cpp')
  
D:\UIT-N3\ATM\DACK\PlayFairAndRSATool\PlayFairAndRSATool\PlayFairForm.h(1015,71): warning C4244: 'argument': conversion from 'wchar_t' to 'char', possible loss of data
  (compiling source file '/MainForm.cpp')
  
  AssemblyInfo.obj : MSIL module encountered; incremental linking is disabled for MSIL; performing full link
  PlayFairAndRSATool.vcxproj -> D:\UIT-N3\ATM\DACK\PlayFairAndRSATool\x64\Debug\PlayFairAndRSATool.exe
